log4net: log4net assembly [log4net, Version=2.0.8.0, Culture=neutral, PublicKeyToken=669e0ddf0bb1aa2a]. Loaded from [C:\Users\Tarjányi József\source\repos\CSharpAlapok2018\07Nap\06Log4Net\bin\Debug\log4net.dll]. (.NET Runtime [4.0.30319.42000] on Microsoft Windows NT 6.2.9200.0)
log4net: defaultRepositoryType [log4net.Repository.Hierarchy.Hierarchy]
log4net: Creating repository for assembly [06Log4Net, Version=1.0.0.0, Culture=neutral, PublicKeyToken=null]
log4net: Assembly [06Log4Net, Version=1.0.0.0, Culture=neutral, PublicKeyToken=null] Loaded From [C:\Users\Tarjányi József\source\repos\CSharpAlapok2018\07Nap\06Log4Net\bin\Debug\06Log4Net.exe]
log4net: Assembly [06Log4Net, Version=1.0.0.0, Culture=neutral, PublicKeyToken=null] does not have a RepositoryAttribute specified.
log4net: Assembly [06Log4Net, Version=1.0.0.0, Culture=neutral, PublicKeyToken=null] using repository [log4net-default-repository] and repository type [log4net.Repository.Hierarchy.Hierarchy]
log4net: Creating repository [log4net-default-repository] using type [log4net.Repository.Hierarchy.Hierarchy]
log4net: configuring repository [log4net-default-repository] using .config file section
log4net: Application config file is [C:\Users\Tarjányi József\source\repos\CSharpAlapok2018\07Nap\06Log4Net\bin\Debug\06Log4Net.exe.Config]
log4net: Configuring Repository [log4net-default-repository]
log4net: Configuration update mode [Merge].
log4net: Logger [root] Level string is [ALL].
log4net: Logger [root] level set to [name="ALL",value=-2147483648].
log4net: Loading Appender [ConsoleAppender] type: [log4net.Appender.ConsoleAppender]
log4net: Converter [message] Option [] Format [min=-1,max=2147483647,leftAlign=False]
log4net: Converter [newline] Option [] Format [min=-1,max=2147483647,leftAlign=False]
log4net: Setting Property [ConversionPattern] to String value [%date [%thread] %-5level %logger [%property{NDC}] - %message%newline]
log4net: Converter [date] Option [] Format [min=-1,max=2147483647,leftAlign=False]
log4net: Converter [literal] Option [ [] Format [min=-1,max=2147483647,leftAlign=False]
log4net: Converter [thread] Option [] Format [min=-1,max=2147483647,leftAlign=False]
log4net: Converter [literal] Option [] ] Format [min=-1,max=2147483647,leftAlign=False]
log4net: Converter [level] Option [] Format [min=5,max=2147483647,leftAlign=True]
log4net: Converter [literal] Option [ ] Format [min=-1,max=2147483647,leftAlign=False]
log4net: Converter [logger] Option [] Format [min=-1,max=2147483647,leftAlign=False]
log4net: Converter [literal] Option [ [] Format [min=-1,max=2147483647,leftAlign=False]
log4net: Converter [property] Option [NDC] Format [min=-1,max=2147483647,leftAlign=False]
log4net: Converter [literal] Option [] - ] Format [min=-1,max=2147483647,leftAlign=False]
log4net: Converter [message] Option [] Format [min=-1,max=2147483647,leftAlign=False]
log4net: Converter [newline] Option [] Format [min=-1,max=2147483647,leftAlign=False]
log4net: Setting Property [Layout] to object [log4net.Layout.PatternLayout]
log4net: Created Appender [ConsoleAppender]
log4net: Adding appender named [ConsoleAppender] to logger [root].
log4net: Hierarchy Threshold []
log4net: Shutdown called on Hierarchy [log4net-default-repository]
